2020-07-23 7:46:11 - Error:  Call to a member function getProduct() on null in /var/www/html/opencart_site/catalog/controller/product/product.php on line 639
2020-07-27 17:28:37 - PHP Unknown:  Object of class Registry could not be converted to string in /var/www/html/opencart_site/system/engine/action.php on line 74
2020-07-27 17:28:37 - PHP Unknown:  Object of class Registry could not be converted to string in /var/www/html/opencart_site/system/engine/action.php on line 74
2020-07-27 17:28:37 - PHP Unknown:  Object of class Registry could not be converted to string in /var/www/html/opencart_site/system/engine/action.php on line 74
2020-07-27 17:28:37 - PHP Unknown:  Object of class Registry could not be converted to string in /var/www/html/opencart_site/system/engine/action.php on line 74
2020-07-27 17:28:37 - PHP Unknown:  Object of class Registry could not be converted to string in /var/www/html/opencart_site/system/engine/action.php on line 74
2020-07-27 17:28:37 - PHP Unknown:  Object of class Registry could not be converted to string in /var/www/html/opencart_site/system/engine/action.php on line 74
2020-07-27 17:28:37 - PHP Unknown:  Object of class Registry could not be converted to string in /var/www/html/opencart_site/system/engine/action.php on line 74
2020-07-27 17:28:37 - PHP Unknown:  Object of class Registry could not be converted to string in /var/www/html/opencart_site/system/engine/action.php on line 74
2020-07-27 17:28:37 - PHP Unknown:  Object of class Registry could not be converted to string in /var/www/html/opencart_site/system/engine/action.php on line 74
2020-07-27 17:28:37 - PHP Unknown:  Object of class Registry could not be converted to string in /var/www/html/opencart_site/system/engine/action.php on line 74
2020-07-27 17:28:37 - PHP Unknown:  Object of class Registry could not be converted to string in /var/www/html/opencart_site/system/engine/action.php on line 74
2020-07-27 17:28:37 - PHP Unknown:  Object of class Registry could not be converted to string in /var/www/html/opencart_site/system/engine/action.php on line 74
2020-07-27 17:28:37 - PHP Unknown:  Object of class Registry could not be converted to string in /var/www/html/opencart_site/system/engine/action.php on line 74
2020-07-27 17:28:37 - PHP Unknown:  Object of class Registry could not be converted to string in /var/www/html/opencart_site/system/engine/action.php on line 74
2020-07-27 17:28:37 - PHP Unknown:  Object of class Registry could not be converted to string in /var/www/html/opencart_site/system/engine/action.php on line 74
2020-07-27 17:28:37 - PHP Unknown:  Object of class Registry could not be converted to string in /var/www/html/opencart_site/system/engine/action.php on line 74
2020-07-27 17:28:37 - PHP Unknown:  Object of class Registry could not be converted to string in /var/www/html/opencart_site/system/engine/action.php on line 74
2020-07-27 17:28:37 - PHP Unknown:  Object of class Registry could not be converted to string in /var/www/html/opencart_site/system/engine/action.php on line 74
2020-07-27 17:28:37 - PHP Unknown:  Object of class Registry could not be converted to string in /var/www/html/opencart_site/system/engine/action.php on line 74
2020-07-27 17:28:37 - PHP Unknown:  Object of class Registry could not be converted to string in /var/www/html/opencart_site/system/engine/action.php on line 74
2020-07-27 17:28:37 - PHP Unknown:  Object of class Registry could not be converted to string in /var/www/html/opencart_site/system/engine/action.php on line 74
2020-07-27 17:28:37 - PHP Unknown:  Object of class Registry could not be converted to string in /var/www/html/opencart_site/system/engine/action.php on line 74
2020-07-27 17:28:37 - PHP Unknown:  Object of class Registry could not be converted to string in /var/www/html/opencart_site/system/engine/action.php on line 74
2020-07-27 17:28:37 - PHP Unknown:  Object of class Registry could not be converted to string in /var/www/html/opencart_site/system/engine/action.php on line 74
2020-07-27 17:28:37 - PHP Unknown:  Object of class Registry could not be converted to string in /var/www/html/opencart_site/system/engine/action.php on line 74
2020-07-27 17:28:37 - PHP Unknown:  Object of class Registry could not be converted to string in /var/www/html/opencart_site/system/engine/action.php on line 74
2020-07-27 17:28:37 - PHP Unknown:  Object of class Registry could not be converted to string in /var/www/html/opencart_site/system/engine/action.php on line 74
2020-07-27 17:28:37 - PHP Unknown:  Object of class Registry could not be converted to string in /var/www/html/opencart_site/system/engine/action.php on line 74
2020-07-27 17:28:37 - PHP Unknown:  Object of class Registry could not be converted to string in /var/www/html/opencart_site/system/engine/action.php on line 74
2020-07-27 17:28:37 - PHP Unknown:  Object of class Registry could not be converted to string in /var/www/html/opencart_site/system/engine/action.php on line 74
2020-07-27 17:28:37 - PHP Unknown:  Object of class Registry could not be converted to string in /var/www/html/opencart_site/system/engine/action.php on line 74
2020-07-27 17:28:37 - PHP Unknown:  Object of class Registry could not be converted to string in /var/www/html/opencart_site/system/engine/action.php on line 74
2020-07-27 17:28:37 - PHP Unknown:  Object of class Registry could not be converted to string in /var/www/html/opencart_site/system/engine/action.php on line 74
2020-07-27 17:28:37 - PHP Unknown:  Object of class Registry could not be converted to string in /var/www/html/opencart_site/system/engine/action.php on line 74
2020-07-27 17:28:37 - PHP Unknown:  Object of class Registry could not be converted to string in /var/www/html/opencart_site/system/engine/action.php on line 74
2020-07-27 17:28:37 - PHP Unknown:  Object of class Registry could not be converted to string in /var/www/html/opencart_site/system/engine/action.php on line 74
2020-07-27 17:28:37 - PHP Unknown:  Object of class Registry could not be converted to string in /var/www/html/opencart_site/system/engine/action.php on line 74
2020-07-27 17:28:37 - PHP Unknown:  Object of class Registry could not be converted to string in /var/www/html/opencart_site/system/engine/action.php on line 74
2020-07-27 17:28:37 - PHP Unknown:  Object of class Registry could not be converted to string in /var/www/html/opencart_site/system/engine/action.php on line 74
2020-07-27 17:28:37 - PHP Unknown:  Object of class Registry could not be converted to string in /var/www/html/opencart_site/system/engine/action.php on line 74
2020-07-27 17:28:37 - PHP Unknown:  Object of class Registry could not be converted to string in /var/www/html/opencart_site/system/engine/action.php on line 74
2020-07-27 17:28:37 - PHP Unknown:  Object of class Registry could not be converted to string in /var/www/html/opencart_site/system/engine/action.php on line 74
2020-07-27 17:28:37 - PHP Unknown:  Object of class Registry could not be converted to string in /var/www/html/opencart_site/system/engine/action.php on line 74
2020-07-27 17:28:37 - PHP Unknown:  Object of class Registry could not be converted to string in /var/www/html/opencart_site/system/engine/action.php on line 74
2020-07-27 17:28:37 - PHP Unknown:  Object of class Registry could not be converted to string in /var/www/html/opencart_site/system/engine/action.php on line 74
2020-07-27 17:28:37 - PHP Unknown:  Object of class Registry could not be converted to string in /var/www/html/opencart_site/system/engine/action.php on line 74
2020-07-27 17:28:37 - PHP Unknown:  Object of class Registry could not be converted to string in /var/www/html/opencart_site/system/engine/action.php on line 74
2020-07-27 17:28:37 - PHP Unknown:  Object of class Registry could not be converted to string in /var/www/html/opencart_site/system/engine/action.php on line 74
2020-07-27 17:28:37 - PHP Unknown:  Object of class Registry could not be converted to string in /var/www/html/opencart_site/system/engine/action.php on line 74
2020-07-27 17:28:37 - PHP Unknown:  Object of class Registry could not be converted to string in /var/www/html/opencart_site/system/engine/action.php on line 74
2020-07-27 17:28:37 - PHP Unknown:  Object of class Registry could not be converted to string in /var/www/html/opencart_site/system/engine/action.php on line 74
2020-07-27 17:28:37 - PHP Unknown:  Object of class Registry could not be converted to string in /var/www/html/opencart_site/system/engine/action.php on line 74
2020-07-27 17:28:37 - PHP Unknown:  Object of class Registry could not be converted to string in /var/www/html/opencart_site/system/engine/action.php on line 74
2020-07-27 17:28:37 - PHP Unknown:  Object of class Registry could not be converted to string in /var/www/html/opencart_site/system/engine/action.php on line 74
2020-07-27 17:28:37 - PHP Unknown:  Object of class Registry could not be converted to string in /var/www/html/opencart_site/system/engine/action.php on line 74
2020-07-27 17:28:37 - PHP Unknown:  Object of class Registry could not be converted to string in /var/www/html/opencart_site/system/engine/action.php on line 74
2020-07-27 17:28:37 - PHP Unknown:  Object of class Registry could not be converted to string in /var/www/html/opencart_site/system/engine/action.php on line 74
2020-07-27 17:28:37 - PHP Unknown:  Object of class Registry could not be converted to string in /var/www/html/opencart_site/system/engine/action.php on line 74
2020-07-27 17:28:37 - PHP Unknown:  Object of class Registry could not be converted to string in /var/www/html/opencart_site/system/engine/action.php on line 74
2020-07-27 17:28:37 - PHP Unknown:  Object of class Registry could not be converted to string in /var/www/html/opencart_site/system/engine/action.php on line 74
2020-07-27 17:28:37 - PHP Unknown:  Object of class Registry could not be converted to string in /var/www/html/opencart_site/system/engine/action.php on line 74
2020-07-27 17:28:37 - PHP Unknown:  Object of class Registry could not be converted to string in /var/www/html/opencart_site/system/engine/action.php on line 74
2020-07-27 17:28:37 - PHP Unknown:  Object of class Registry could not be converted to string in /var/www/html/opencart_site/system/engine/action.php on line 74
2020-07-27 17:28:37 - PHP Unknown:  Object of class Registry could not be converted to string in /var/www/html/opencart_site/system/engine/action.php on line 74
2020-07-27 17:28:37 - PHP Unknown:  Object of class Registry could not be converted to string in /var/www/html/opencart_site/system/engine/action.php on line 74
2020-07-27 17:28:37 - PHP Unknown:  Object of class Registry could not be converted to string in /var/www/html/opencart_site/system/engine/action.php on line 74
2020-07-27 17:28:37 - PHP Unknown:  Object of class Registry could not be converted to string in /var/www/html/opencart_site/system/engine/action.php on line 74
2020-07-27 17:28:37 - PHP Unknown:  Object of class Registry could not be converted to string in /var/www/html/opencart_site/system/engine/action.php on line 74
2020-07-27 17:28:37 - PHP Unknown:  Object of class Registry could not be converted to string in /var/www/html/opencart_site/system/engine/action.php on line 74
2020-07-27 17:28:37 - PHP Unknown:  Object of class Registry could not be converted to string in /var/www/html/opencart_site/system/engine/action.php on line 74
2020-07-27 17:28:37 - PHP Unknown:  Object of class Registry could not be converted to string in /var/www/html/opencart_site/system/engine/action.php on line 74
2020-07-27 17:28:37 - PHP Unknown:  Object of class Registry could not be converted to string in /var/www/html/opencart_site/system/engine/action.php on line 74
2020-07-27 17:28:37 - PHP Unknown:  Object of class Registry could not be converted to string in /var/www/html/opencart_site/system/engine/action.php on line 74
2020-07-27 17:28:37 - PHP Unknown:  Object of class Registry could not be converted to string in /var/www/html/opencart_site/system/engine/action.php on line 74
2020-07-27 17:28:37 - PHP Unknown:  Object of class Registry could not be converted to string in /var/www/html/opencart_site/system/engine/action.php on line 74
2020-07-27 17:28:37 - PHP Unknown:  Object of class Registry could not be converted to string in /var/www/html/opencart_site/system/engine/action.php on line 74
2020-07-27 17:28:37 - PHP Unknown:  Object of class Registry could not be converted to string in /var/www/html/opencart_site/system/engine/action.php on line 74
2020-07-27 17:28:37 - PHP Unknown:  Object of class Registry could not be converted to string in /var/www/html/opencart_site/system/engine/action.php on line 74
2020-07-27 17:28:37 - PHP Unknown:  Object of class Registry could not be converted to string in /var/www/html/opencart_site/system/engine/action.php on line 74
2020-07-27 17:28:37 - PHP Unknown:  Object of class Registry could not be converted to string in /var/www/html/opencart_site/system/engine/action.php on line 74
2020-07-27 17:28:37 - PHP Unknown:  Object of class Registry could not be converted to string in /var/www/html/opencart_site/system/engine/action.php on line 74
2020-07-27 17:28:37 - PHP Unknown:  Object of class Registry could not be converted to string in /var/www/html/opencart_site/system/engine/action.php on line 74
2020-07-27 17:28:37 - PHP Unknown:  Object of class Registry could not be converted to string in /var/www/html/opencart_site/system/engine/action.php on line 74
2020-07-27 17:28:37 - PHP Unknown:  Object of class Registry could not be converted to string in /var/www/html/opencart_site/system/engine/action.php on line 74
2020-07-27 17:28:37 - PHP Unknown:  Object of class Registry could not be converted to string in /var/www/html/opencart_site/system/engine/action.php on line 74
2020-07-27 17:28:37 - PHP Unknown:  Object of class Registry could not be converted to string in /var/www/html/opencart_site/system/engine/action.php on line 74
2020-07-27 17:28:37 - PHP Unknown:  Object of class Registry could not be converted to string in /var/www/html/opencart_site/system/engine/action.php on line 74
2020-07-27 17:28:37 - PHP Unknown:  Object of class Registry could not be converted to string in /var/www/html/opencart_site/system/engine/action.php on line 74
2020-07-27 17:28:37 - PHP Unknown:  Object of class Registry could not be converted to string in /var/www/html/opencart_site/system/engine/action.php on line 74
2020-07-27 17:28:37 - PHP Unknown:  Object of class Registry could not be converted to string in /var/www/html/opencart_site/system/engine/action.php on line 74
2020-07-27 17:28:37 - PHP Unknown:  Object of class Registry could not be converted to string in /var/www/html/opencart_site/system/engine/action.php on line 74
2020-07-27 17:28:37 - PHP Unknown:  Object of class Registry could not be converted to string in /var/www/html/opencart_site/system/engine/action.php on line 74
2020-07-27 17:28:37 - PHP Unknown:  Object of class Registry could not be converted to string in /var/www/html/opencart_site/system/engine/action.php on line 74
2020-07-27 17:28:37 - PHP Unknown:  Object of class Registry could not be converted to string in /var/www/html/opencart_site/system/engine/action.php on line 74
2020-07-27 17:28:37 - PHP Unknown:  Object of class Registry could not be converted to string in /var/www/html/opencart_site/system/engine/action.php on line 74
2020-07-27 17:28:37 - PHP Unknown:  Object of class Registry could not be converted to string in /var/www/html/opencart_site/system/engine/action.php on line 74
2020-07-27 17:28:37 - PHP Unknown:  Object of class Registry could not be converted to string in /var/www/html/opencart_site/system/engine/action.php on line 74
2020-07-27 17:28:37 - PHP Unknown:  Object of class Registry could not be converted to string in /var/www/html/opencart_site/system/engine/action.php on line 74
2020-07-27 17:28:37 - PHP Unknown:  Object of class Registry could not be converted to string in /var/www/html/opencart_site/system/engine/action.php on line 74
2020-07-27 17:28:37 - PHP Unknown:  Object of class Registry could not be converted to string in /var/www/html/opencart_site/system/engine/action.php on line 74
2020-07-27 17:28:37 - PHP Unknown:  Object of class Registry could not be converted to string in /var/www/html/opencart_site/system/engine/action.php on line 74
2020-07-27 17:28:37 - PHP Unknown:  Object of class Registry could not be converted to string in /var/www/html/opencart_site/system/engine/action.php on line 74
2020-07-27 17:28:37 - PHP Unknown:  Object of class Registry could not be converted to string in /var/www/html/opencart_site/system/engine/action.php on line 74
2020-07-27 17:28:37 - PHP Unknown:  Object of class Registry could not be converted to string in /var/www/html/opencart_site/system/engine/action.php on line 74
2020-07-27 17:28:37 - PHP Unknown:  Object of class Registry could not be converted to string in /var/www/html/opencart_site/system/engine/action.php on line 74
2020-07-27 17:28:37 - PHP Unknown:  Object of class Registry could not be converted to string in /var/www/html/opencart_site/system/engine/action.php on line 74
2020-07-27 17:28:37 - PHP Unknown:  Object of class Registry could not be converted to string in /var/www/html/opencart_site/system/engine/action.php on line 74
2020-07-27 17:28:37 - PHP Unknown:  Object of class Registry could not be converted to string in /var/www/html/opencart_site/system/engine/action.php on line 74
2020-07-27 17:28:37 - PHP Unknown:  Object of class Registry could not be converted to string in /var/www/html/opencart_site/system/engine/action.php on line 74
2020-07-27 17:28:37 - PHP Unknown:  Object of class Registry could not be converted to string in /var/www/html/opencart_site/system/engine/action.php on line 74
2020-07-27 17:28:37 - PHP Unknown:  Object of class Registry could not be converted to string in /var/www/html/opencart_site/system/engine/action.php on line 74
2020-07-27 17:28:37 - PHP Unknown:  Object of class Registry could not be converted to string in /var/www/html/opencart_site/system/engine/action.php on line 74
2020-07-27 17:28:37 - PHP Unknown:  Object of class Registry could not be converted to string in /var/www/html/opencart_site/system/engine/action.php on line 74
2020-07-27 17:28:37 - PHP Unknown:  Object of class Registry could not be converted to string in /var/www/html/opencart_site/system/engine/action.php on line 74
2020-07-27 17:28:37 - PHP Unknown:  Object of class Registry could not be converted to string in /var/www/html/opencart_site/system/engine/action.php on line 74
2020-07-27 17:28:37 - PHP Unknown:  Object of class Registry could not be converted to string in /var/www/html/opencart_site/system/engine/action.php on line 74
2020-07-27 17:28:37 - PHP Unknown:  Object of class Registry could not be converted to string in /var/www/html/opencart_site/system/engine/action.php on line 74
2020-07-27 17:28:37 - PHP Unknown:  Object of class Registry could not be converted to string in /var/www/html/opencart_site/system/engine/action.php on line 74
2020-07-27 17:28:37 - PHP Unknown:  Object of class Registry could not be converted to string in /var/www/html/opencart_site/system/engine/action.php on line 74
2020-07-27 17:28:37 - PHP Unknown:  Object of class Registry could not be converted to string in /var/www/html/opencart_site/system/engine/action.php on line 74
2020-07-27 17:28:37 - PHP Unknown:  Object of class Registry could not be converted to string in /var/www/html/opencart_site/system/engine/action.php on line 74
2020-07-27 17:28:37 - PHP Unknown:  Object of class Registry could not be converted to string in /var/www/html/opencart_site/system/engine/action.php on line 74
2020-07-27 17:29:06 - PHP Warning:  Cannot modify header information - headers already sent by (output started at /var/www/html/opencart_site/system/engine/action.php:74) in /var/www/html/opencart_site/system/helper/general.php on line 12
2020-07-27 17:31:01 - PHP Warning:  Cannot modify header information - headers already sent by (output started at /var/www/html/opencart_site/system/engine/action.php:73) in /var/www/html/opencart_site/system/helper/general.php on line 12
2020-07-27 17:31:46 - PHP Warning:  Cannot modify header information - headers already sent by (output started at /var/www/html/opencart_site/system/engine/action.php:61) in /var/www/html/opencart_site/system/helper/general.php on line 12
2020-07-27 17:45:35 - Exception:  Error: Could not load template /var/www/html/opencart_site/catalog/view/theme/common/column_left.twig! in /var/www/html/opencart_site/system/library/template/twig.php on line 17
2020-07-27 17:46:24 - Exception:  Error: Could not load template /var/www/html/opencart_site/catalog/view/theme/common/column_left.twig! in /var/www/html/opencart_site/system/library/template/twig.php on line 17
2020-07-27 18:03:31 - Exception:  Error: Could not load database adaptor DB_ENGINE! in /var/www/html/opencart_site/system/library/db.php on line 33
2020-07-27 18:08:43 - PHP Warning:  imagejpeg(/var/www/html/opencart_site/image/cache/catalog/demo/imac_1-228x228.jpg): failed to open stream: Permission denied in /var/www/html/opencart_site/system/library/image.php on line 121
2020-07-27 18:08:43 - PHP Warning:  imagejpeg(/var/www/html/opencart_site/image/cache/catalog/demo/compaq_presario-182x182.jpg): failed to open stream: Permission denied in /var/www/html/opencart_site/system/library/image.php on line 121
2020-07-27 18:08:50 - PHP Warning:  imagejpeg(/var/www/html/opencart_site/image/cache/catalog/demo/imac_1-228x228.jpg): failed to open stream: Permission denied in /var/www/html/opencart_site/system/library/image.php on line 121
2020-07-27 18:08:51 - PHP Warning:  imagejpeg(/var/www/html/opencart_site/image/cache/catalog/demo/compaq_presario-182x182.jpg): failed to open stream: Permission denied in /var/www/html/opencart_site/system/library/image.php on line 121
2020-07-27 18:09:15 - PHP Warning:  imagejpeg(/var/www/html/opencart_site/image/cache/catalog/demo/hp_2-80x80.jpg): failed to open stream: Permission denied in /var/www/html/opencart_site/system/library/image.php on line 121
2020-07-27 18:09:15 - PHP Warning:  imagejpeg(/var/www/html/opencart_site/image/cache/catalog/demo/hp_1-228x228.jpg): failed to open stream: Permission denied in /var/www/html/opencart_site/system/library/image.php on line 121
2020-07-27 18:09:15 - PHP Warning:  imagejpeg(/var/www/html/opencart_site/image/cache/catalog/demo/macbook_1-228x228.jpg): failed to open stream: Permission denied in /var/www/html/opencart_site/system/library/image.php on line 121
2020-07-27 18:09:15 - PHP Warning:  imagejpeg(/var/www/html/opencart_site/image/cache/catalog/demo/macbook_air_1-228x228.jpg): failed to open stream: Permission denied in /var/www/html/opencart_site/system/library/image.php on line 121
2020-07-27 18:09:16 - PHP Warning:  imagejpeg(/var/www/html/opencart_site/image/cache/catalog/demo/macbook_pro_1-228x228.jpg): failed to open stream: Permission denied in /var/www/html/opencart_site/system/library/image.php on line 121
2020-07-27 18:09:16 - PHP Warning:  imagejpeg(/var/www/html/opencart_site/image/cache/catalog/demo/sony_vaio_1-228x228.jpg): failed to open stream: Permission denied in /var/www/html/opencart_site/system/library/image.php on line 121
2020-07-27 18:09:16 - PHP Warning:  imagejpeg(/var/www/html/opencart_site/image/cache/catalog/demo/compaq_presario-182x182.jpg): failed to open stream: Permission denied in /var/www/html/opencart_site/system/library/image.php on line 121
2020-07-27 18:10:35 - PHP Warning:  imagejpeg(/var/www/html/opencart_site/image/cache/catalog/demo/hp_2-80x80.jpg): failed to open stream: Permission denied in /var/www/html/opencart_site/system/library/image.php on line 121
2020-07-27 18:10:36 - PHP Warning:  imagejpeg(/var/www/html/opencart_site/image/cache/catalog/demo/hp_1-228x228.jpg): failed to open stream: Permission denied in /var/www/html/opencart_site/system/library/image.php on line 121
2020-07-27 18:10:36 - PHP Warning:  imagejpeg(/var/www/html/opencart_site/image/cache/catalog/demo/macbook_1-228x228.jpg): failed to open stream: Permission denied in /var/www/html/opencart_site/system/library/image.php on line 121
2020-07-27 18:10:36 - PHP Warning:  imagejpeg(/var/www/html/opencart_site/image/cache/catalog/demo/macbook_air_1-228x228.jpg): failed to open stream: Permission denied in /var/www/html/opencart_site/system/library/image.php on line 121
2020-07-27 18:10:36 - PHP Warning:  imagejpeg(/var/www/html/opencart_site/image/cache/catalog/demo/macbook_pro_1-228x228.jpg): failed to open stream: Permission denied in /var/www/html/opencart_site/system/library/image.php on line 121
2020-07-27 18:10:36 - PHP Warning:  imagejpeg(/var/www/html/opencart_site/image/cache/catalog/demo/sony_vaio_1-228x228.jpg): failed to open stream: Permission denied in /var/www/html/opencart_site/system/library/image.php on line 121
2020-07-27 18:10:36 - PHP Warning:  imagejpeg(/var/www/html/opencart_site/image/cache/catalog/demo/compaq_presario-182x182.jpg): failed to open stream: Permission denied in /var/www/html/opencart_site/system/library/image.php on line 121
2020-07-27 18:11:11 - PHP Warning:  imagejpeg(/var/www/html/opencart_site/image/cache/catalog/demo/hp_2-80x80.jpg): failed to open stream: Permission denied in /var/www/html/opencart_site/system/library/image.php on line 121
2020-07-27 18:11:11 - PHP Warning:  imagejpeg(/var/www/html/opencart_site/image/cache/catalog/demo/hp_1-228x228.jpg): failed to open stream: Permission denied in /var/www/html/opencart_site/system/library/image.php on line 121
2020-07-27 18:11:11 - PHP Warning:  imagejpeg(/var/www/html/opencart_site/image/cache/catalog/demo/macbook_1-228x228.jpg): failed to open stream: Permission denied in /var/www/html/opencart_site/system/library/image.php on line 121
2020-07-27 18:11:11 - PHP Warning:  imagejpeg(/var/www/html/opencart_site/image/cache/catalog/demo/macbook_air_1-228x228.jpg): failed to open stream: Permission denied in /var/www/html/opencart_site/system/library/image.php on line 121
2020-07-27 18:11:11 - PHP Warning:  imagejpeg(/var/www/html/opencart_site/image/cache/catalog/demo/macbook_pro_1-228x228.jpg): failed to open stream: Permission denied in /var/www/html/opencart_site/system/library/image.php on line 121
2020-07-27 18:11:11 - PHP Warning:  imagejpeg(/var/www/html/opencart_site/image/cache/catalog/demo/sony_vaio_1-228x228.jpg): failed to open stream: Permission denied in /var/www/html/opencart_site/system/library/image.php on line 121
2020-07-27 18:11:11 - PHP Warning:  imagejpeg(/var/www/html/opencart_site/image/cache/catalog/demo/compaq_presario-182x182.jpg): failed to open stream: Permission denied in /var/www/html/opencart_site/system/library/image.php on line 121
2020-07-27 18:11:20 - PHP Warning:  imagejpeg(/var/www/html/opencart_site/image/cache/catalog/demo/hp_2-80x80.jpg): failed to open stream: Permission denied in /var/www/html/opencart_site/system/library/image.php on line 121
2020-07-27 18:11:20 - PHP Warning:  imagejpeg(/var/www/html/opencart_site/image/cache/catalog/demo/hp_1-228x228.jpg): failed to open stream: Permission denied in /var/www/html/opencart_site/system/library/image.php on line 121
2020-07-27 18:11:20 - PHP Warning:  imagejpeg(/var/www/html/opencart_site/image/cache/catalog/demo/macbook_1-228x228.jpg): failed to open stream: Permission denied in /var/www/html/opencart_site/system/library/image.php on line 121
2020-07-27 18:11:20 - PHP Warning:  imagejpeg(/var/www/html/opencart_site/image/cache/catalog/demo/macbook_air_1-228x228.jpg): failed to open stream: Permission denied in /var/www/html/opencart_site/system/library/image.php on line 121
2020-07-27 18:11:20 - PHP Warning:  imagejpeg(/var/www/html/opencart_site/image/cache/catalog/demo/macbook_pro_1-228x228.jpg): failed to open stream: Permission denied in /var/www/html/opencart_site/system/library/image.php on line 121
2020-07-27 18:11:20 - PHP Warning:  imagejpeg(/var/www/html/opencart_site/image/cache/catalog/demo/sony_vaio_1-228x228.jpg): failed to open stream: Permission denied in /var/www/html/opencart_site/system/library/image.php on line 121
2020-07-27 18:11:20 - PHP Warning:  imagejpeg(/var/www/html/opencart_site/image/cache/catalog/demo/compaq_presario-182x182.jpg): failed to open stream: Permission denied in /var/www/html/opencart_site/system/library/image.php on line 121
2020-07-27 18:11:35 - PHP Warning:  imagejpeg(/var/www/html/opencart_site/image/cache/catalog/demo/imac_1-228x228.jpg): failed to open stream: Permission denied in /var/www/html/opencart_site/system/library/image.php on line 121
2020-07-27 18:11:35 - PHP Warning:  imagejpeg(/var/www/html/opencart_site/image/cache/catalog/demo/compaq_presario-182x182.jpg): failed to open stream: Permission denied in /var/www/html/opencart_site/system/library/image.php on line 121
2020-07-27 18:28:09 - PHP Warning:  imagejpeg(/var/www/html/opencart_site/image/cache/catalog/demo/apple_cinema_30-228x228.jpg): failed to open stream: Permission denied in /var/www/html/opencart_site/system/library/image.php on line 121
2020-07-27 18:28:09 - PHP Warning:  imagejpeg(/var/www/html/opencart_site/image/cache/catalog/demo/samsung_syncmaster_941bw-228x228.jpg): failed to open stream: Permission denied in /var/www/html/opencart_site/system/library/image.php on line 121
2020-07-27 18:28:09 - PHP Warning:  imagejpeg(/var/www/html/opencart_site/image/cache/catalog/demo/compaq_presario-182x182.jpg): failed to open stream: Permission denied in /var/www/html/opencart_site/system/library/image.php on line 121
